<?xml version="1.0" encoding="UTF-8"?>
<!-- Generated by org.testng.reporters.JUnitReportReporter -->
<testsuite hostname="DESKTOP-SBE2UEF" failures="0" tests="1" name="cucumberoption.TestRunner" time="26.262" errors="0" timestamp="2024-02-11T12:49:25 IST" skipped="0">
  <testcase classname="cucumberoption.TestRunner" name="runScenario" time="26.262"/>
  <system-out/>
</testsuite> <!-- cucumberoption.TestRunner -->
