<?xml version="1.0" encoding="UTF-8"?>
<!-- Generated by org.testng.reporters.JUnitReportReporter -->
<testsuite hostname="DESKTOP-SBE2UEF" failures="0" tests="1" name="cucumberoption.TestRunner" time="24.802" errors="0" timestamp="2024-02-16T23:51:14 IST" skipped="0">
  <testcase classname="cucumberoption.TestRunner" name="runScenario" time="24.802"/>
</testsuite> <!-- cucumberoption.TestRunner -->
